2017-02-25 21:37:15,341 - logger1 - INFO - C:\Users\PJS\Desktop\warwick_hack\face\2016-Ford-Mustang-GT-burnout-red-tire-smoke.jpg does not contain any faces
2017-02-25 21:38:22,945 - logger1 - INFO - C:\Users\PJS\Desktop\warwick_hack\face\2016-Ford-Mustang-GT-burnout-red-tire-smoke.jpg does not contain any faces
2017-02-25 21:47:48,437 - logger1 - INFO - C:\Users\PJS\Desktop\warwick_hack\face\2016-Ford-Mustang-GT-burnout-red-tire-smoke.jpg does not contain any faces
2017-02-25 21:48:09,852 - logger1 - INFO - C:\Users\PJS\Desktop\warwick_hack\face\2016-Ford-Mustang-GT-burnout-red-tire-smoke.jpg does not contain any faces
2017-02-25 21:54:09,880 - logger1 - INFO - C:\Users\PJS\Desktop\warwick_hack\face\2016-Ford-Mustang-GT-burnout-red-tire-smoke.jpg does not contain any faces
2017-02-25 22:19:40,924 - logger1 - INFO - C:\Users\PJS\Desktop\warwick_hack\face\2016-Ford-Mustang-GT-burnout-red-tire-smoke.jpg does not contain any faces
2017-02-25 22:19:47,251 - logger1 - ERROR - photo in C:\Users\PJS\Desktop\warwick_hack\face\disgust2.jpg has no meta data of digitized time!
2017-02-25 22:23:00,477 - logger1 - INFO - C:\Users\PJS\Desktop\warwick_hack\face\2016-Ford-Mustang-GT-burnout-red-tire-smoke.jpg does not contain any faces
2017-02-25 22:23:07,703 - logger1 - ERROR - photo in C:\Users\PJS\Desktop\warwick_hack\face\disgust2.jpg has no meta data of digitized time!
2017-02-25 22:23:20,496 - logger1 - INFO - C:\Users\PJS\Desktop\warwick_hack\face\sad2.jpg key Error!
2017-02-25 22:26:03,545 - logger1 - INFO - C:\Users\PJS\Desktop\warwick_hack\face\2016-Ford-Mustang-GT-burnout-red-tire-smoke.jpg does not contain any faces
2017-02-25 22:26:04,412 - logger1 - INFO - C:\Users\PJS\Desktop\warwick_hack\face\2016-Ford-Mustang-GT-burnout-red-tire-smoke.jpg does not contain any faces
2017-02-25 22:28:02,053 - logger1 - INFO - C:\Users\PJS\Desktop\warwick_hack\face\2016-Ford-Mustang-GT-burnout-red-tire-smoke.jpg does not contain any faces
2017-02-25 22:28:09,381 - logger1 - ERROR - photo in C:\Users\PJS\Desktop\warwick_hack\face\disgust2.jpg has no meta data of digitized time!
2017-02-25 22:28:22,506 - logger1 - INFO - C:\Users\PJS\Desktop\warwick_hack\face\sad2.jpg key Error! Maybe too big or too small
2017-02-25 22:31:51,063 - logger1 - INFO - C:\Users\PJS\Desktop\warwick_hack\face\2016-Ford-Mustang-GT-burnout-red-tire-smoke.jpg does not contain any faces
2017-02-25 22:31:54,567 - logger1 - ERROR - photo in C:\Users\PJS\Desktop\warwick_hack\face\disgust2.jpg has no meta data of digitized time!
2017-02-25 22:33:16,489 - logger1 - INFO - C:\Users\PJS\Desktop\warwick_hack\face\2016-Ford-Mustang-GT-burnout-red-tire-smoke.jpg does not contain any faces
2017-02-25 22:33:19,950 - logger1 - ERROR - photo in C:\Users\PJS\Desktop\warwick_hack\face\disgust2.jpg has no meta data of digitized time!
2017-02-25 22:34:30,991 - logger1 - INFO - C:\Users\PJS\Desktop\warwick_hack\face\2016-Ford-Mustang-GT-burnout-red-tire-smoke.jpg does not contain any faces
2017-02-25 22:34:34,844 - logger1 - ERROR - photo in C:\Users\PJS\Desktop\warwick_hack\face\disgust2.jpg has no meta data of digitized time!
2017-02-25 22:59:16,959 - logger1 - INFO - C:\Users\PJS\Desktop\warwick_hack\face\2016-Ford-Mustang-GT-burnout-red-tire-smoke.jpg does not contain any faces
2017-02-25 22:59:20,192 - logger1 - ERROR - photo in C:\Users\PJS\Desktop\warwick_hack\face\disgust2.jpg has no meta data of digitized time!
2017-02-25 23:05:54,780 - logger1 - INFO - C:\Users\PJS\Desktop\warwick_hack\face\2016-Ford-Mustang-GT-burnout-red-tire-smoke.jpg does not contain any faces
2017-02-25 23:05:57,989 - logger1 - ERROR - photo in C:\Users\PJS\Desktop\warwick_hack\face\disgust2.jpg has no meta data of digitized time!
2017-02-26 04:25:45,429 - logger1 - INFO - C:\Users\PJS\Desktop\warwick_hack\face\2016-Ford-Mustang-GT-burnout-red-tire-smoke.jpg does not contain any faces
2017-02-26 04:26:20,648 - logger1 - INFO - C:\Users\PJS\Desktop\warwick_hack\face\2016-Ford-Mustang-GT-burnout-red-tire-smoke.jpg does not contain any faces
2017-02-26 04:26:48,051 - logger1 - INFO - C:\Users\PJS\Desktop\warwick_hack\face\2016-Ford-Mustang-GT-burnout-red-tire-smoke.jpg does not contain any faces
2017-02-26 04:29:41,256 - logger1 - INFO - C:\Users\PJS\Desktop\warwick_hack\face\2016-Ford-Mustang-GT-burnout-red-tire-smoke.jpg does not contain any faces
2017-02-26 04:30:21,444 - logger1 - INFO - C:\Users\PJS\Desktop\warwick_hack\face\2016-Ford-Mustang-GT-burnout-red-tire-smoke.jpg does not contain any faces
2017-02-26 04:30:27,034 - logger1 - INFO - C:\Users\PJS\Desktop\warwick_hack\face\fear1.jpg key Error! Maybe too big or too small
2017-02-26 04:30:27,548 - logger1 - INFO - C:\Users\PJS\Desktop\warwick_hack\face\fear2.jpg key Error! Maybe too big or too small
2017-02-26 04:30:28,680 - logger1 - INFO - C:\Users\PJS\Desktop\warwick_hack\face\fear3.jpg key Error! Maybe too big or too small
2017-02-26 04:30:29,197 - logger1 - INFO - C:\Users\PJS\Desktop\warwick_hack\face\recognition1.jpg key Error! Maybe too big or too small
2017-02-26 04:30:29,789 - logger1 - INFO - C:\Users\PJS\Desktop\warwick_hack\face\sad1.jpg key Error! Maybe too big or too small
2017-02-26 04:30:30,551 - logger1 - INFO - C:\Users\PJS\Desktop\warwick_hack\face\sad2.jpg key Error! Maybe too big or too small
2017-02-26 04:30:30,951 - logger1 - INFO - C:\Users\PJS\Desktop\warwick_hack\face\surprise1.jpg key Error! Maybe too big or too small
2017-02-26 04:30:31,354 - logger1 - INFO - C:\Users\PJS\Desktop\warwick_hack\face\surprise2.jpg key Error! Maybe too big or too small
2017-02-26 04:32:22,355 - logger1 - INFO - C:\Users\PJS\Desktop\warwick_hack\face\2016-Ford-Mustang-GT-burnout-red-tire-smoke.jpg does not contain any faces
2017-02-26 04:35:12,875 - logger1 - INFO - C:\Users\PJS\Desktop\warwick_hack\face\2016-Ford-Mustang-GT-burnout-red-tire-smoke.jpg does not contain any faces
